The system is: Linux - 4.15.0-34-generic - x86_64
Compiling the C compiler identification source file "CMakeCCompilerId.c" succeeded.
Compiler: /usr/bin/cc 
Build flags: 
Id flags: 

The output was:
0


Compilation of the C compiler identification source "CMakeCCompilerId.c" produced "a.out"

The C compiler identification is GNU, found in "/home/wallace/Desktop/nano/nanogui-test/CMakeFiles/3.5.1/CompilerIdC/a.out"

Compiling the CXX compiler identification source file "CMakeCXXCompilerId.cpp" succeeded.
Compiler: /usr/bin/c++ 
Build flags: 
Id flags: 

The output was:
0


Compilation of the CXX compiler identification source "CMakeCXXCompilerId.cpp" produced "a.out"

The CXX compiler identification is GNU, found in "/home/wallace/Desktop/nano/nanogui-test/CMakeFiles/3.5.1/CompilerIdCXX/a.out"

Determining if the C compiler works passed with the following output:
Change Dir: /home/wallace/Desktop/nano/nanogui-test/CMakeFiles/CMakeTmp

Run Build Command:"/usr/bin/make" "cmTC_f82f2/fast"
/usr/bin/make -f CMakeFiles/cmTC_f82f2.dir/build.make CMakeFiles/cmTC_f82f2.dir/build
make[1]: Entering directory '/home/wallace/Desktop/nano/nanogui-test/CMakeFiles/CMakeTmp'
Building C object CMakeFiles/cmTC_f82f2.dir/testCCompiler.c.o
/usr/bin/cc     -o CMakeFiles/cmTC_f82f2.dir/testCCompiler.c.o   -c /home/wallace/Desktop/nano/nanogui-test/CMakeFiles/CMakeTmp/testCCompiler.c
Linking C executable cmTC_f82f2
/usr/bin/cmake -E cmake_link_script CMakeFiles/cmTC_f82f2.dir/link.txt --verbose=1
/usr/bin/cc       CMakeFiles/cmTC_f82f2.dir/testCCompiler.c.o  -o cmTC_f82f2 
make[1]: Leaving directory '/home/wallace/Desktop/nano/nanogui-test/CMakeFiles/CMakeTmp'


Detecting C compiler ABI info compiled with the following output:
Change Dir: /home/wallace/Desktop/nano/nanogui-test/CMakeFiles/CMakeTmp

Run Build Command:"/usr/bin/make" "cmTC_da1c9/fast"
/usr/bin/make -f CMakeFiles/cmTC_da1c9.dir/build.make CMakeFiles/cmTC_da1c9.dir/build
make[1]: Entering directory '/home/wallace/Desktop/nano/nanogui-test/CMakeFiles/CMakeTmp'
Building C object CMakeFiles/cmTC_da1c9.dir/CMakeCCompilerABI.c.o
/usr/bin/cc     -o CMakeFiles/cmTC_da1c9.dir/CMakeCCompilerABI.c.o   -c /usr/share/cmake-3.5/Modules/CMakeCCompilerABI.c
Linking C executable cmTC_da1c9
/usr/bin/cmake -E cmake_link_script CMakeFiles/cmTC_da1c9.dir/link.txt --verbose=1
/usr/bin/cc      -v CMakeFiles/cmTC_da1c9.dir/CMakeCCompilerABI.c.o  -o cmTC_da1c9  
Using built-in specs.
COLLECT_GCC=/usr/bin/cc
COLLECT_LTO_WRAPPER=/usr/lib/gcc/x86_64-linux-gnu/5/lto-wrapper
Target: x86_64-linux-gnu
Configured with: ../src/configure -v --with-pkgversion='Ubuntu 5.4.0-6ubuntu1~16.04.10' --with-bugurl=file:///usr/share/doc/gcc-5/README.Bugs --enable-languages=c,ada,c++,java,go,d,fortran,objc,obj-c++ --prefix=/usr --program-suffix=-5 --enable-shared --enable-linker-build-id --libexecdir=/usr/lib --without-included-gettext --enable-threads=posix --libdir=/usr/lib --enable-nls --with-sysroot=/ --enable-clocale=gnu --enable-libstdcxx-debug --enable-libstdcxx-time=yes --with-default-libstdcxx-abi=new --enable-gnu-unique-object --disable-vtable-verify --enable-libmpx --enable-plugin --with-system-zlib --disable-browser-plugin --enable-java-awt=gtk --enable-gtk-cairo --with-java-home=/usr/lib/jvm/java-1.5.0-gcj-5-amd64/jre --enable-java-home --with-jvm-root-dir=/usr/lib/jvm/java-1.5.0-gcj-5-amd64 --with-jvm-jar-dir=/usr/lib/jvm-exports/java-1.5.0-gcj-5-amd64 --with-arch-directory=amd64 --with-ecj-jar=/usr/share/java/eclipse-ecj.jar --enable-objc-gc --enable-multiarch --disable-werror --with-arch-32=i686 --with-abi=m64 --with-multilib-list=m32,m64,mx32 --enable-multilib --with-tune=generic --enable-checking=release --build=x86_64-linux-gnu --host=x86_64-linux-gnu --target=x86_64-linux-gnu
Thread model: posix
gcc version 5.4.0 20160609 (Ubuntu 5.4.0-6ubuntu1~16.04.10) 
COMPILER_PATH=/usr/lib/gcc/x86_64-linux-gnu/5/:/usr/lib/gcc/x86_64-linux-gnu/5/:/usr/lib/gcc/x86_64-linux-gnu/:/usr/lib/gcc/x86_64-linux-gnu/5/:/usr/lib/gcc/x86_64-linux-gnu/
LIBRARY_PATH=/usr/lib/gcc/x86_64-linux-gnu/5/:/usr/lib/gcc/x86_64-linux-gnu/5/../../../x86_64-linux-gnu/:/usr/lib/gcc/x86_64-linux-gnu/5/../../../../lib/:/lib/x86_64-linux-gnu/:/lib/../lib/:/usr/lib/x86_64-linux-gnu/:/usr/lib/../lib/:/usr/lib/gcc/x86_64-linux-gnu/5/../../../:/lib/:/usr/lib/
COLLECT_GCC_OPTIONS='-v' '-o' 'cmTC_da1c9' '-mtune=generic' '-march=x86-64'
 /usr/lib/gcc/x86_64-linux-gnu/5/collect2 -plugin /usr/lib/gcc/x86_64-linux-gnu/5/liblto_plugin.so -plugin-opt=/usr/lib/gcc/x86_64-linux-gnu/5/lto-wrapper -plugin-opt=-fresolution=/tmp/ccsT7Yah.res -plugin-opt=-pass-through=-lgcc -plugin-opt=-pass-through=-lgcc_s -plugin-opt=-pass-through=-lc -plugin-opt=-pass-through=-lgcc -plugin-opt=-pass-through=-lgcc_s --sysroot=/ --build-id --eh-frame-hdr -m elf_x86_64 --hash-style=gnu --as-needed -dynamic-linker /lib64/ld-linux-x86-64.so.2 -z relro -o cmTC_da1c9 /usr/lib/gcc/x86_64-linux-gnu/5/../../../x86_64-linux-gnu/crt1.o /usr/lib/gcc/x86_64-linux-gnu/5/../../../x86_64-linux-gnu/crti.o /usr/lib/gcc/x86_64-linux-gnu/5/crtbegin.o -L/usr/lib/gcc/x86_64-linux-gnu/5 -L/usr/lib/gcc/x86_64-linux-gnu/5/../../../x86_64-linux-gnu -L/usr/lib/gcc/x86_64-linux-gnu/5/../../../../lib -L/lib/x86_64-linux-gnu -L/lib/../lib -L/usr/lib/x86_64-linux-gnu -L/usr/lib/../lib -L/usr/lib/gcc/x86_64-linux-gnu/5/../../.. CMakeFiles/cmTC_da1c9.dir/CMakeCCompilerABI.c.o -lgcc --as-needed -lgcc_s --no-as-needed -lc -lgcc --as-needed -lgcc_s --no-as-needed /usr/lib/gcc/x86_64-linux-gnu/5/crtend.o /usr/lib/gcc/x86_64-linux-gnu/5/../../../x86_64-linux-gnu/crtn.o
make[1]: Leaving directory '/home/wallace/Desktop/nano/nanogui-test/CMakeFiles/CMakeTmp'


Parsed C implicit link information from above output:
  link line regex: [^( *|.*[/\])(ld|([^/\]+-)?ld|collect2)[^/\]*( |$)]
  ignore line: [Change Dir: /home/wallace/Desktop/nano/nanogui-test/CMakeFiles/CMakeTmp]
  ignore line: []
  ignore line: [Run Build Command:"/usr/bin/make" "cmTC_da1c9/fast"]
  ignore line: [/usr/bin/make -f CMakeFiles/cmTC_da1c9.dir/build.make CMakeFiles/cmTC_da1c9.dir/build]
  ignore line: [make[1]: Entering directory '/home/wallace/Desktop/nano/nanogui-test/CMakeFiles/CMakeTmp']
  ignore line: [Building C object CMakeFiles/cmTC_da1c9.dir/CMakeCCompilerABI.c.o]
  ignore line: [/usr/bin/cc     -o CMakeFiles/cmTC_da1c9.dir/CMakeCCompilerABI.c.o   -c /usr/share/cmake-3.5/Modules/CMakeCCompilerABI.c]
  ignore line: [Linking C executable cmTC_da1c9]
  ignore line: [/usr/bin/cmake -E cmake_link_script CMakeFiles/cmTC_da1c9.dir/link.txt --verbose=1]
  ignore line: [/usr/bin/cc      -v CMakeFiles/cmTC_da1c9.dir/CMakeCCompilerABI.c.o  -o cmTC_da1c9  ]
  ignore line: [Using built-in specs.]
  ignore line: [COLLECT_GCC=/usr/bin/cc]
  ignore line: [COLLECT_LTO_WRAPPER=/usr/lib/gcc/x86_64-linux-gnu/5/lto-wrapper]
  ignore line: [Target: x86_64-linux-gnu]
  ignore line: [Configured with: ../src/configure -v --with-pkgversion='Ubuntu 5.4.0-6ubuntu1~16.04.10' --with-bugurl=file:///usr/share/doc/gcc-5/README.Bugs --enable-languages=c,ada,c++,java,go,d,fortran,objc,obj-c++ --prefix=/usr --program-suffix=-5 --enable-shared --enable-linker-build-id --libexecdir=/usr/lib --without-included-gettext --enable-threads=posix --libdir=/usr/lib --enable-nls --with-sysroot=/ --enable-clocale=gnu --enable-libstdcxx-debug --enable-libstdcxx-time=yes --with-default-libstdcxx-abi=new --enable-gnu-unique-object --disable-vtable-verify --enable-libmpx --enable-plugin --with-system-zlib --disable-browser-plugin --enable-java-awt=gtk --enable-gtk-cairo --with-java-home=/usr/lib/jvm/java-1.5.0-gcj-5-amd64/jre --enable-java-home --with-jvm-root-dir=/usr/lib/jvm/java-1.5.0-gcj-5-amd64 --with-jvm-jar-dir=/usr/lib/jvm-exports/java-1.5.0-gcj-5-amd64 --with-arch-directory=amd64 --with-ecj-jar=/usr/share/java/eclipse-ecj.jar --enable-objc-gc --enable-multiarch --disable-werror --with-arch-32=i686 --with-abi=m64 --with-multilib-list=m32,m64,mx32 --enable-multilib --with-tune=generic --enable-checking=release --build=x86_64-linux-gnu --host=x86_64-linux-gnu --target=x86_64-linux-gnu]
  ignore line: [Thread model: posix]
  ignore line: [gcc version 5.4.0 20160609 (Ubuntu 5.4.0-6ubuntu1~16.04.10) ]
  ignore line: [COMPILER_PATH=/usr/lib/gcc/x86_64-linux-gnu/5/:/usr/lib/gcc/x86_64-linux-gnu/5/:/usr/lib/gcc/x86_64-linux-gnu/:/usr/lib/gcc/x86_64-linux-gnu/5/:/usr/lib/gcc/x86_64-linux-gnu/]
  ignore line: [LIBRARY_PATH=/usr/lib/gcc/x86_64-linux-gnu/5/:/usr/lib/gcc/x86_64-linux-gnu/5/../../../x86_64-linux-gnu/:/usr/lib/gcc/x86_64-linux-gnu/5/../../../../lib/:/lib/x86_64-linux-gnu/:/lib/../lib/:/usr/lib/x86_64-linux-gnu/:/usr/lib/../lib/:/usr/lib/gcc/x86_64-linux-gnu/5/../../../:/lib/:/usr/lib/]
  ignore line: [COLLECT_GCC_OPTIONS='-v' '-o' 'cmTC_da1c9' '-mtune=generic' '-march=x86-64']
  link line: [ /usr/lib/gcc/x86_64-linux-gnu/5/collect2 -plugin /usr/lib/gcc/x86_64-linux-gnu/5/liblto_plugin.so -plugin-opt=/usr/lib/gcc/x86_64-linux-gnu/5/lto-wrapper -plugin-opt=-fresolution=/tmp/ccsT7Yah.res -plugin-opt=-pass-through=-lgcc -plugin-opt=-pass-through=-lgcc_s -plugin-opt=-pass-through=-lc -plugin-opt=-pass-through=-lgcc -plugin-opt=-pass-through=-lgcc_s --sysroot=/ --build-id --eh-frame-hdr -m elf_x86_64 --hash-style=gnu --as-needed -dynamic-linker /lib64/ld-linux-x86-64.so.2 -z relro -o cmTC_da1c9 /usr/lib/gcc/x86_64-linux-gnu/5/../../../x86_64-linux-gnu/crt1.o /usr/lib/gcc/x86_64-linux-gnu/5/../../../x86_64-linux-gnu/crti.o /usr/lib/gcc/x86_64-linux-gnu/5/crtbegin.o -L/usr/lib/gcc/x86_64-linux-gnu/5 -L/usr/lib/gcc/x86_64-linux-gnu/5/../../../x86_64-linux-gnu -L/usr/lib/gcc/x86_64-linux-gnu/5/../../../../lib -L/lib/x86_64-linux-gnu -L/lib/../lib -L/usr/lib/x86_64-linux-gnu -L/usr/lib/../lib -L/usr/lib/gcc/x86_64-linux-gnu/5/../../.. CMakeFiles/cmTC_da1c9.dir/CMakeCCompilerABI.c.o -lgcc --as-needed -lgcc_s --no-as-needed -lc -lgcc --as-needed -lgcc_s --no-as-needed /usr/lib/gcc/x86_64-linux-gnu/5/crtend.o /usr/lib/gcc/x86_64-linux-gnu/5/../../../x86_64-linux-gnu/crtn.o]
    arg [/usr/lib/gcc/x86_64-linux-gnu/5/collect2] ==> ignore
    arg [-plugin] ==> ignore
    arg [/usr/lib/gcc/x86_64-linux-gnu/5/liblto_plugin.so] ==> ignore
    arg [-plugin-opt=/usr/lib/gcc/x86_64-linux-gnu/5/lto-wrapper] ==> ignore
    arg [-plugin-opt=-fresolution=/tmp/ccsT7Yah.res] ==> ignore
    arg [-plugin-opt=-pass-through=-lgcc] ==> ignore
    arg [-plugin-opt=-pass-through=-lgcc_s] ==> ignore
    arg [-plugin-opt=-pass-through=-lc] ==> ignore
    arg [-plugin-opt=-pass-through=-lgcc] ==> ignore
    arg [-plugin-opt=-pass-through=-lgcc_s] ==> ignore
    arg [--sysroot=/] ==> ignore
    arg [--build-id] ==> ignore
    arg [--eh-frame-hdr] ==> ignore
    arg [-m] ==> ignore
    arg [elf_x86_64] ==> ignore
    arg [--hash-style=gnu] ==> ignore
    arg [--as-needed] ==> ignore
    arg [-dynamic-linker] ==> ignore
    arg [/lib64/ld-linux-x86-64.so.2] ==> ignore
    arg [-zrelro] ==> ignore
    arg [-o] ==> ignore
    arg [cmTC_da1c9] ==> ignore
    arg [/usr/lib/gcc/x86_64-linux-gnu/5/../../../x86_64-linux-gnu/crt1.o] ==> ignore
    arg [/usr/lib/gcc/x86_64-linux-gnu/5/../../../x86_64-linux-gnu/crti.o] ==> ignore
    arg [/usr/lib/gcc/x86_64-linux-gnu/5/crtbegin.o] ==> ignore
    arg [-L/usr/lib/gcc/x86_64-linux-gnu/5] ==> dir [/usr/lib/gcc/x86_64-linux-gnu/5]
    arg [-L/usr/lib/gcc/x86_64-linux-gnu/5/../../../x86_64-linux-gnu] ==> dir [/usr/lib/gcc/x86_64-linux-gnu/5/../../../x86_64-linux-gnu]
    arg [-L/usr/lib/gcc/x86_64-linux-gnu/5/../../../../lib] ==> dir [/usr/lib/gcc/x86_64-linux-gnu/5/../../../../lib]
    arg [-L/lib/x86_64-linux-gnu] ==> dir [/lib/x86_64-linux-gnu]
    arg [-L/lib/../lib] ==> dir [/lib/../lib]
    arg [-L/usr/lib/x86_64-linux-gnu] ==> dir [/usr/lib/x86_64-linux-gnu]
    arg [-L/usr/lib/../lib] ==> dir [/usr/lib/../lib]
    arg [-L/usr/lib/gcc/x86_64-linux-gnu/5/../../..] ==> dir [/usr/lib/gcc/x86_64-linux-gnu/5/../../..]
    arg [CMakeFiles/cmTC_da1c9.dir/CMakeCCompilerABI.c.o] ==> ignore
    arg [-lgcc] ==> lib [gcc]
    arg [--as-needed] ==> ignore
    arg [-lgcc_s] ==> lib [gcc_s]
    arg [--no-as-needed] ==> ignore
    arg [-lc] ==> lib [c]
    arg [-lgcc] ==> lib [gcc]
    arg [--as-needed] ==> ignore
    arg [-lgcc_s] ==> lib [gcc_s]
    arg [--no-as-needed] ==> ignore
    arg [/usr/lib/gcc/x86_64-linux-gnu/5/crtend.o] ==> ignore
    arg [/usr/lib/gcc/x86_64-linux-gnu/5/../../../x86_64-linux-gnu/crtn.o] ==> ignore
  remove lib [gcc]
  remove lib [gcc_s]
  remove lib [gcc]
  remove lib [gcc_s]
  collapse library dir [/usr/lib/gcc/x86_64-linux-gnu/5] ==> [/usr/lib/gcc/x86_64-linux-gnu/5]
  collapse library dir [/usr/lib/gcc/x86_64-linux-gnu/5/../../../x86_64-linux-gnu] ==> [/usr/lib/x86_64-linux-gnu]
  collapse library dir [/usr/lib/gcc/x86_64-linux-gnu/5/../../../../lib] ==> [/usr/lib]
  collapse library dir [/lib/x86_64-linux-gnu] ==> [/lib/x86_64-linux-gnu]
  collapse library dir [/lib/../lib] ==> [/lib]
  collapse library dir [/usr/lib/x86_64-linux-gnu] ==> [/usr/lib/x86_64-linux-gnu]
  collapse library dir [/usr/lib/../lib] ==> [/usr/lib]
  collapse library dir [/usr/lib/gcc/x86_64-linux-gnu/5/../../..] ==> [/usr/lib]
  implicit libs: [c]
  implicit dirs: [/usr/lib/gcc/x86_64-linux-gnu/5;/usr/lib/x86_64-linux-gnu;/usr/lib;/lib/x86_64-linux-gnu;/lib]
  implicit fwks: []




Detecting C [-std=c11] compiler features compiled with the following output:
Change Dir: /home/wallace/Desktop/nano/nanogui-test/CMakeFiles/CMakeTmp

Run Build Command:"/usr/bin/make" "cmTC_a6cc0/fast"
/usr/bin/make -f CMakeFiles/cmTC_a6cc0.dir/build.make CMakeFiles/cmTC_a6cc0.dir/build
make[1]: Entering directory '/home/wallace/Desktop/nano/nanogui-test/CMakeFiles/CMakeTmp'
Building C object CMakeFiles/cmTC_a6cc0.dir/feature_tests.c.o
/usr/bin/cc    -std=c11 -o CMakeFiles/cmTC_a6cc0.dir/feature_tests.c.o   -c /home/wallace/Desktop/nano/nanogui-test/CMakeFiles/feature_tests.c
Linking C executable cmTC_a6cc0
/usr/bin/cmake -E cmake_link_script CMakeFiles/cmTC_a6cc0.dir/link.txt --verbose=1
/usr/bin/cc       CMakeFiles/cmTC_a6cc0.dir/feature_tests.c.o  -o cmTC_a6cc0 
make[1]: Leaving directory '/home/wallace/Desktop/nano/nanogui-test/CMakeFiles/CMakeTmp'


    Feature record: C_FEATURE:1c_function_prototypes
    Feature record: C_FEATURE:1c_restrict
    Feature record: C_FEATURE:1c_static_assert
    Feature record: C_FEATURE:1c_variadic_macros


Detecting C [-std=c99] compiler features compiled with the following output:
Change Dir: /home/wallace/Desktop/nano/nanogui-test/CMakeFiles/CMakeTmp

Run Build Command:"/usr/bin/make" "cmTC_67d93/fast"
/usr/bin/make -f CMakeFiles/cmTC_67d93.dir/build.make CMakeFiles/cmTC_67d93.dir/build
make[1]: Entering directory '/home/wallace/Desktop/nano/nanogui-test/CMakeFiles/CMakeTmp'
Building C object CMakeFiles/cmTC_67d93.dir/feature_tests.c.o
/usr/bin/cc    -std=c99 -o CMakeFiles/cmTC_67d93.dir/feature_tests.c.o   -c /home/wallace/Desktop/nano/nanogui-test/CMakeFiles/feature_tests.c
Linking C executable cmTC_67d93
/usr/bin/cmake -E cmake_link_script CMakeFiles/cmTC_67d93.dir/link.txt --verbose=1
/usr/bin/cc       CMakeFiles/cmTC_67d93.dir/feature_tests.c.o  -o cmTC_67d93 
make[1]: Leaving directory '/home/wallace/Desktop/nano/nanogui-test/CMakeFiles/CMakeTmp'


    Feature record: C_FEATURE:1c_function_prototypes
    Feature record: C_FEATURE:1c_restrict
    Feature record: C_FEATURE:0c_static_assert
    Feature record: C_FEATURE:1c_variadic_macros


Detecting C [-std=c90] compiler features compiled with the following output:
Change Dir: /home/wallace/Desktop/nano/nanogui-test/CMakeFiles/CMakeTmp

Run Build Command:"/usr/bin/make" "cmTC_38e1a/fast"
/usr/bin/make -f CMakeFiles/cmTC_38e1a.dir/build.make CMakeFiles/cmTC_38e1a.dir/build
make[1]: Entering directory '/home/wallace/Desktop/nano/nanogui-test/CMakeFiles/CMakeTmp'
Building C object CMakeFiles/cmTC_38e1a.dir/feature_tests.c.o
/usr/bin/cc    -std=c90 -o CMakeFiles/cmTC_38e1a.dir/feature_tests.c.o   -c /home/wallace/Desktop/nano/nanogui-test/CMakeFiles/feature_tests.c
Linking C executable cmTC_38e1a
/usr/bin/cmake -E cmake_link_script CMakeFiles/cmTC_38e1a.dir/link.txt --verbose=1
/usr/bin/cc       CMakeFiles/cmTC_38e1a.dir/feature_tests.c.o  -o cmTC_38e1a 
make[1]: Leaving directory '/home/wallace/Desktop/nano/nanogui-test/CMakeFiles/CMakeTmp'


    Feature record: C_FEATURE:1c_function_prototypes
    Feature record: C_FEATURE:0c_restrict
    Feature record: C_FEATURE:0c_static_assert
    Feature record: C_FEATURE:0c_variadic_macros
Determining if the CXX compiler works passed with the following output:
Change Dir: /home/wallace/Desktop/nano/nanogui-test/CMakeFiles/CMakeTmp

Run Build Command:"/usr/bin/make" "cmTC_dd176/fast"
/usr/bin/make -f CMakeFiles/cmTC_dd176.dir/build.make CMakeFiles/cmTC_dd176.dir/build
make[1]: Entering directory '/home/wallace/Desktop/nano/nanogui-test/CMakeFiles/CMakeTmp'
Building CXX object CMakeFiles/cmTC_dd176.dir/testCXXCompiler.cxx.o
/usr/bin/c++      -o CMakeFiles/cmTC_dd176.dir/testCXXCompiler.cxx.o -c /home/wallace/Desktop/nano/nanogui-test/CMakeFiles/CMakeTmp/testCXXCompiler.cxx
Linking CXX executable cmTC_dd176
/usr/bin/cmake -E cmake_link_script CMakeFiles/cmTC_dd176.dir/link.txt --verbose=1
/usr/bin/c++        CMakeFiles/cmTC_dd176.dir/testCXXCompiler.cxx.o  -o cmTC_dd176 
make[1]: Leaving directory '/home/wallace/Desktop/nano/nanogui-test/CMakeFiles/CMakeTmp'


Detecting CXX compiler ABI info compiled with the following output:
Change Dir: /home/wallace/Desktop/nano/nanogui-test/CMakeFiles/CMakeTmp

Run Build Command:"/usr/bin/make" "cmTC_a79c9/fast"
/usr/bin/make -f CMakeFiles/cmTC_a79c9.dir/build.make CMakeFiles/cmTC_a79c9.dir/build
make[1]: Entering directory '/home/wallace/Desktop/nano/nanogui-test/CMakeFiles/CMakeTmp'
Building CXX object CMakeFiles/cmTC_a79c9.dir/CMakeCXXCompilerABI.cpp.o
/usr/bin/c++      -o CMakeFiles/cmTC_a79c9.dir/CMakeCXXCompilerABI.cpp.o -c /usr/share/cmake-3.5/Modules/CMakeCXXCompilerABI.cpp
Linking CXX executable cmTC_a79c9
/usr/bin/cmake -E cmake_link_script CMakeFiles/cmTC_a79c9.dir/link.txt --verbose=1
/usr/bin/c++       -v CMakeFiles/cmTC_a79c9.dir/CMakeCXXCompilerABI.cpp.o  -o cmTC_a79c9  
Using built-in specs.
COLLECT_GCC=/usr/bin/c++
COLLECT_LTO_WRAPPER=/usr/lib/gcc/x86_64-linux-gnu/5/lto-wrapper
Target: x86_64-linux-gnu
Configured with: ../src/configure -v --with-pkgversion='Ubuntu 5.4.0-6ubuntu1~16.04.10' --with-bugurl=file:///usr/share/doc/gcc-5/README.Bugs --enable-languages=c,ada,c++,java,go,d,fortran,objc,obj-c++ --prefix=/usr --program-suffix=-5 --enable-shared --enable-linker-build-id --libexecdir=/usr/lib --without-included-gettext --enable-threads=posix --libdir=/usr/lib --enable-nls --with-sysroot=/ --enable-clocale=gnu --enable-libstdcxx-debug --enable-libstdcxx-time=yes --with-default-libstdcxx-abi=new --enable-gnu-unique-object --disable-vtable-verify --enable-libmpx --enable-plugin --with-system-zlib --disable-browser-plugin --enable-java-awt=gtk --enable-gtk-cairo --with-java-home=/usr/lib/jvm/java-1.5.0-gcj-5-amd64/jre --enable-java-home --with-jvm-root-dir=/usr/lib/jvm/java-1.5.0-gcj-5-amd64 --with-jvm-jar-dir=/usr/lib/jvm-exports/java-1.5.0-gcj-5-amd64 --with-arch-directory=amd64 --with-ecj-jar=/usr/share/java/eclipse-ecj.jar --enable-objc-gc --enable-multiarch --disable-werror --with-arch-32=i686 --with-abi=m64 --with-multilib-list=m32,m64,mx32 --enable-multilib --with-tune=generic --enable-checking=release --build=x86_64-linux-gnu --host=x86_64-linux-gnu --target=x86_64-linux-gnu
Thread model: posix
gcc version 5.4.0 20160609 (Ubuntu 5.4.0-6ubuntu1~16.04.10) 
COMPILER_PATH=/usr/lib/gcc/x86_64-linux-gnu/5/:/usr/lib/gcc/x86_64-linux-gnu/5/:/usr/lib/gcc/x86_64-linux-gnu/:/usr/lib/gcc/x86_64-linux-gnu/5/:/usr/lib/gcc/x86_64-linux-gnu/
LIBRARY_PATH=/usr/lib/gcc/x86_64-linux-gnu/5/:/usr/lib/gcc/x86_64-linux-gnu/5/../../../x86_64-linux-gnu/:/usr/lib/gcc/x86_64-linux-gnu/5/../../../../lib/:/lib/x86_64-linux-gnu/:/lib/../lib/:/usr/lib/x86_64-linux-gnu/:/usr/lib/../lib/:/usr/lib/gcc/x86_64-linux-gnu/5/../../../:/lib/:/usr/lib/
COLLECT_GCC_OPTIONS='-v' '-o' 'cmTC_a79c9' '-shared-libgcc' '-mtune=generic' '-march=x86-64'
 /usr/lib/gcc/x86_64-linux-gnu/5/collect2 -plugin /usr/lib/gcc/x86_64-linux-gnu/5/liblto_plugin.so -plugin-opt=/usr/lib/gcc/x86_64-linux-gnu/5/lto-wrapper -plugin-opt=-fresolution=/tmp/cckPG2qs.res -plugin-opt=-pass-through=-lgcc_s -plugin-opt=-pass-through=-lgcc -plugin-opt=-pass-through=-lc -plugin-opt=-pass-through=-lgcc_s -plugin-opt=-pass-through=-lgcc --sysroot=/ --build-id --eh-frame-hdr -m elf_x86_64 --hash-style=gnu --as-needed -dynamic-linker /lib64/ld-linux-x86-64.so.2 -z relro -o cmTC_a79c9 /usr/lib/gcc/x86_64-linux-gnu/5/../../../x86_64-linux-gnu/crt1.o /usr/lib/gcc/x86_64-linux-gnu/5/../../../x86_64-linux-gnu/crti.o /usr/lib/gcc/x86_64-linux-gnu/5/crtbegin.o -L/usr/lib/gcc/x86_64-linux-gnu/5 -L/usr/lib/gcc/x86_64-linux-gnu/5/../../../x86_64-linux-gnu -L/usr/lib/gcc/x86_64-linux-gnu/5/../../../../lib -L/lib/x86_64-linux-gnu -L/lib/../lib -L/usr/lib/x86_64-linux-gnu -L/usr/lib/../lib -L/usr/lib/gcc/x86_64-linux-gnu/5/../../.. CMakeFiles/cmTC_a79c9.dir/CMakeCXXCompilerABI.cpp.o -lstdc++ -lm -lgcc_s -lgcc -lc -lgcc_s -lgcc /usr/lib/gcc/x86_64-linux-gnu/5/crtend.o /usr/lib/gcc/x86_64-linux-gnu/5/../../../x86_64-linux-gnu/crtn.o
make[1]: Leaving directory '/home/wallace/Desktop/nano/nanogui-test/CMakeFiles/CMakeTmp'


Parsed CXX implicit link information from above output:
  link line regex: [^( *|.*[/\])(ld|([^/\]+-)?ld|collect2)[^/\]*( |$)]
  ignore line: [Change Dir: /home/wallace/Desktop/nano/nanogui-test/CMakeFiles/CMakeTmp]
  ignore line: []
  ignore line: [Run Build Command:"/usr/bin/make" "cmTC_a79c9/fast"]
  ignore line: [/usr/bin/make -f CMakeFiles/cmTC_a79c9.dir/build.make CMakeFiles/cmTC_a79c9.dir/build]
  ignore line: [make[1]: Entering directory '/home/wallace/Desktop/nano/nanogui-test/CMakeFiles/CMakeTmp']
  ignore line: [Building CXX object CMakeFiles/cmTC_a79c9.dir/CMakeCXXCompilerABI.cpp.o]
  ignore line: [/usr/bin/c++      -o CMakeFiles/cmTC_a79c9.dir/CMakeCXXCompilerABI.cpp.o -c /usr/share/cmake-3.5/Modules/CMakeCXXCompilerABI.cpp]
  ignore line: [Linking CXX executable cmTC_a79c9]
  ignore line: [/usr/bin/cmake -E cmake_link_script CMakeFiles/cmTC_a79c9.dir/link.txt --verbose=1]
  ignore line: [/usr/bin/c++       -v CMakeFiles/cmTC_a79c9.dir/CMakeCXXCompilerABI.cpp.o  -o cmTC_a79c9  ]
  ignore line: [Using built-in specs.]
  ignore line: [COLLECT_GCC=/usr/bin/c++]
  ignore line: [COLLECT_LTO_WRAPPER=/usr/lib/gcc/x86_64-linux-gnu/5/lto-wrapper]
  ignore line: [Target: x86_64-linux-gnu]
  ignore line: [Configured with: ../src/configure -v --with-pkgversion='Ubuntu 5.4.0-6ubuntu1~16.04.10' --with-bugurl=file:///usr/share/doc/gcc-5/README.Bugs --enable-languages=c,ada,c++,java,go,d,fortran,objc,obj-c++ --prefix=/usr --program-suffix=-5 --enable-shared --enable-linker-build-id --libexecdir=/usr/lib --without-included-gettext --enable-threads=posix --libdir=/usr/lib --enable-nls --with-sysroot=/ --enable-clocale=gnu --enable-libstdcxx-debug --enable-libstdcxx-time=yes --with-default-libstdcxx-abi=new --enable-gnu-unique-object --disable-vtable-verify --enable-libmpx --enable-plugin --with-system-zlib --disable-browser-plugin --enable-java-awt=gtk --enable-gtk-cairo --with-java-home=/usr/lib/jvm/java-1.5.0-gcj-5-amd64/jre --enable-java-home --with-jvm-root-dir=/usr/lib/jvm/java-1.5.0-gcj-5-amd64 --with-jvm-jar-dir=/usr/lib/jvm-exports/java-1.5.0-gcj-5-amd64 --with-arch-directory=amd64 --with-ecj-jar=/usr/share/java/eclipse-ecj.jar --enable-objc-gc --enable-multiarch --disable-werror --with-arch-32=i686 --with-abi=m64 --with-multilib-list=m32,m64,mx32 --enable-multilib --with-tune=generic --enable-checking=release --build=x86_64-linux-gnu --host=x86_64-linux-gnu --target=x86_64-linux-gnu]
  ignore line: [Thread model: posix]
  ignore line: [gcc version 5.4.0 20160609 (Ubuntu 5.4.0-6ubuntu1~16.04.10) ]
  ignore line: [COMPILER_PATH=/usr/lib/gcc/x86_64-linux-gnu/5/:/usr/lib/gcc/x86_64-linux-gnu/5/:/usr/lib/gcc/x86_64-linux-gnu/:/usr/lib/gcc/x86_64-linux-gnu/5/:/usr/lib/gcc/x86_64-linux-gnu/]
  ignore line: [LIBRARY_PATH=/usr/lib/gcc/x86_64-linux-gnu/5/:/usr/lib/gcc/x86_64-linux-gnu/5/../../../x86_64-linux-gnu/:/usr/lib/gcc/x86_64-linux-gnu/5/../../../../lib/:/lib/x86_64-linux-gnu/:/lib/../lib/:/usr/lib/x86_64-linux-gnu/:/usr/lib/../lib/:/usr/lib/gcc/x86_64-linux-gnu/5/../../../:/lib/:/usr/lib/]
  ignore line: [COLLECT_GCC_OPTIONS='-v' '-o' 'cmTC_a79c9' '-shared-libgcc' '-mtune=generic' '-march=x86-64']
  link line: [ /usr/lib/gcc/x86_64-linux-gnu/5/collect2 -plugin /usr/lib/gcc/x86_64-linux-gnu/5/liblto_plugin.so -plugin-opt=/usr/lib/gcc/x86_64-linux-gnu/5/lto-wrapper -plugin-opt=-fresolution=/tmp/cckPG2qs.res -plugin-opt=-pass-through=-lgcc_s -plugin-opt=-pass-through=-lgcc -plugin-opt=-pass-through=-lc -plugin-opt=-pass-through=-lgcc_s -plugin-opt=-pass-through=-lgcc --sysroot=/ --build-id --eh-frame-hdr -m elf_x86_64 --hash-style=gnu --as-needed -dynamic-linker /lib64/ld-linux-x86-64.so.2 -z relro -o cmTC_a79c9 /usr/lib/gcc/x86_64-linux-gnu/5/../../../x86_64-linux-gnu/crt1.o /usr/lib/gcc/x86_64-linux-gnu/5/../../../x86_64-linux-gnu/crti.o /usr/lib/gcc/x86_64-linux-gnu/5/crtbegin.o -L/usr/lib/gcc/x86_64-linux-gnu/5 -L/usr/lib/gcc/x86_64-linux-gnu/5/../../../x86_64-linux-gnu -L/usr/lib/gcc/x86_64-linux-gnu/5/../../../../lib -L/lib/x86_64-linux-gnu -L/lib/../lib -L/usr/lib/x86_64-linux-gnu -L/usr/lib/../lib -L/usr/lib/gcc/x86_64-linux-gnu/5/../../.. CMakeFiles/cmTC_a79c9.dir/CMakeCXXCompilerABI.cpp.o -lstdc++ -lm -lgcc_s -lgcc -lc -lgcc_s -lgcc /usr/lib/gcc/x86_64-linux-gnu/5/crtend.o /usr/lib/gcc/x86_64-linux-gnu/5/../../../x86_64-linux-gnu/crtn.o]
    arg [/usr/lib/gcc/x86_64-linux-gnu/5/collect2] ==> ignore
    arg [-plugin] ==> ignore
    arg [/usr/lib/gcc/x86_64-linux-gnu/5/liblto_plugin.so] ==> ignore
    arg [-plugin-opt=/usr/lib/gcc/x86_64-linux-gnu/5/lto-wrapper] ==> ignore
    arg [-plugin-opt=-fresolution=/tmp/cckPG2qs.res] ==> ignore
    arg [-plugin-opt=-pass-through=-lgcc_s] ==> ignore
    arg [-plugin-opt=-pass-through=-lgcc] ==> ignore
    arg [-plugin-opt=-pass-through=-lc] ==> ignore
    arg [-plugin-opt=-pass-through=-lgcc_s] ==> ignore
    arg [-plugin-opt=-pass-through=-lgcc] ==> ignore
    arg [--sysroot=/] ==> ignore
    arg [--build-id] ==> ignore
    arg [--eh-frame-hdr] ==> ignore
    arg [-m] ==> ignore
    arg [elf_x86_64] ==> ignore
    arg [--hash-style=gnu] ==> ignore
    arg [--as-needed] ==> ignore
    arg [-dynamic-linker] ==> ignore
    arg [/lib64/ld-linux-x86-64.so.2] ==> ignore
    arg [-zrelro] ==> ignore
    arg [-o] ==> ignore
    arg [cmTC_a79c9] ==> ignore
    arg [/usr/lib/gcc/x86_64-linux-gnu/5/../../../x86_64-linux-gnu/crt1.o] ==> ignore
    arg [/usr/lib/gcc/x86_64-linux-gnu/5/../../../x86_64-linux-gnu/crti.o] ==> ignore
    arg [/usr/lib/gcc/x86_64-linux-gnu/5/crtbegin.o] ==> ignore
    arg [-L/usr/lib/gcc/x86_64-linux-gnu/5] ==> dir [/usr/lib/gcc/x86_64-linux-gnu/5]
    arg [-L/usr/lib/gcc/x86_64-linux-gnu/5/../../../x86_64-linux-gnu] ==> dir [/usr/lib/gcc/x86_64-linux-gnu/5/../../../x86_64-linux-gnu]
    arg [-L/usr/lib/gcc/x86_64-linux-gnu/5/../../../../lib] ==> dir [/usr/lib/gcc/x86_64-linux-gnu/5/../../../../lib]
    arg [-L/lib/x86_64-linux-gnu] ==> dir [/lib/x86_64-linux-gnu]
    arg [-L/lib/../lib] ==> dir [/lib/../lib]
    arg [-L/usr/lib/x86_64-linux-gnu] ==> dir [/usr/lib/x86_64-linux-gnu]
    arg [-L/usr/lib/../lib] ==> dir [/usr/lib/../lib]
    arg [-L/usr/lib/gcc/x86_64-linux-gnu/5/../../..] ==> dir [/usr/lib/gcc/x86_64-linux-gnu/5/../../..]
    arg [CMakeFiles/cmTC_a79c9.dir/CMakeCXXCompilerABI.cpp.o] ==> ignore
    arg [-lstdc++] ==> lib [stdc++]
    arg [-lm] ==> lib [m]
    arg [-lgcc_s] ==> lib [gcc_s]
    arg [-lgcc] ==> lib [gcc]
    arg [-lc] ==> lib [c]
    arg [-lgcc_s] ==> lib [gcc_s]
    arg [-lgcc] ==> lib [gcc]
    arg [/usr/lib/gcc/x86_64-linux-gnu/5/crtend.o] ==> ignore
    arg [/usr/lib/gcc/x86_64-linux-gnu/5/../../../x86_64-linux-gnu/crtn.o] ==> ignore
  remove lib [gcc_s]
  remove lib [gcc]
  remove lib [gcc_s]
  remove lib [gcc]
  collapse library dir [/usr/lib/gcc/x86_64-linux-gnu/5] ==> [/usr/lib/gcc/x86_64-linux-gnu/5]
  collapse library dir [/usr/lib/gcc/x86_64-linux-gnu/5/../../../x86_64-linux-gnu] ==> [/usr/lib/x86_64-linux-gnu]
  collapse library dir [/usr/lib/gcc/x86_64-linux-gnu/5/../../../../lib] ==> [/usr/lib]
  collapse library dir [/lib/x86_64-linux-gnu] ==> [/lib/x86_64-linux-gnu]
  collapse library dir [/lib/../lib] ==> [/lib]
  collapse library dir [/usr/lib/x86_64-linux-gnu] ==> [/usr/lib/x86_64-linux-gnu]
  collapse library dir [/usr/lib/../lib] ==> [/usr/lib]
  collapse library dir [/usr/lib/gcc/x86_64-linux-gnu/5/../../..] ==> [/usr/lib]
  implicit libs: [stdc++;m;c]
  implicit dirs: [/usr/lib/gcc/x86_64-linux-gnu/5;/usr/lib/x86_64-linux-gnu;/usr/lib;/lib/x86_64-linux-gnu;/lib]
  implicit fwks: []




Detecting CXX [-std=c++14] compiler features compiled with the following output:
Change Dir: /home/wallace/Desktop/nano/nanogui-test/CMakeFiles/CMakeTmp

Run Build Command:"/usr/bin/make" "cmTC_94109/fast"
/usr/bin/make -f CMakeFiles/cmTC_94109.dir/build.make CMakeFiles/cmTC_94109.dir/build
make[1]: Entering directory '/home/wallace/Desktop/nano/nanogui-test/CMakeFiles/CMakeTmp'
Building CXX object CMakeFiles/cmTC_94109.dir/feature_tests.cxx.o
/usr/bin/c++     -std=c++14 -o CMakeFiles/cmTC_94109.dir/feature_tests.cxx.o -c /home/wallace/Desktop/nano/nanogui-test/CMakeFiles/feature_tests.cxx
Linking CXX executable cmTC_94109
/usr/bin/cmake -E cmake_link_script CMakeFiles/cmTC_94109.dir/link.txt --verbose=1
/usr/bin/c++        CMakeFiles/cmTC_94109.dir/feature_tests.cxx.o  -o cmTC_94109 
make[1]: Leaving directory '/home/wallace/Desktop/nano/nanogui-test/CMakeFiles/CMakeTmp'


    Feature record: CXX_FEATURE:1cxx_aggregate_default_initializers
    Feature record: CXX_FEATURE:1cxx_alias_templates
    Feature record: CXX_FEATURE:1cxx_alignas
    Feature record: CXX_FEATURE:1cxx_alignof
    Feature record: CXX_FEATURE:1cxx_attributes
    Feature record: CXX_FEATURE:1cxx_attribute_deprecated
    Feature record: CXX_FEATURE:1cxx_auto_type
    Feature record: CXX_FEATURE:1cxx_binary_literals
    Feature record: CXX_FEATURE:1cxx_constexpr
    Feature record: CXX_FEATURE:1cxx_contextual_conversions
    Feature record: CXX_FEATURE:1cxx_decltype
    Feature record: CXX_FEATURE:1cxx_decltype_auto
    Feature record: CXX_FEATURE:1cxx_decltype_incomplete_return_types
    Feature record: CXX_FEATURE:1cxx_default_function_template_args
    Feature record: CXX_FEATURE:1cxx_defaulted_functions
    Feature record: CXX_FEATURE:1cxx_defaulted_move_initializers
    Feature record: CXX_FEATURE:1cxx_delegating_constructors
    Feature record: CXX_FEATURE:1cxx_deleted_functions
    Feature record: CXX_FEATURE:1cxx_digit_separators
    Feature record: CXX_FEATURE:1cxx_enum_forward_declarations
    Feature record: CXX_FEATURE:1cxx_explicit_conversions
    Feature record: CXX_FEATURE:1cxx_extended_friend_declarations
    Feature record: CXX_FEATURE:1cxx_extern_templates
    Feature record: CXX_FEATURE:1cxx_final
    Feature record: CXX_FEATURE:1cxx_func_identifier
    Feature record: CXX_FEATURE:1cxx_generalized_initializers
    Feature record: CXX_FEATURE:1cxx_generic_lambdas
    Feature record: CXX_FEATURE:1cxx_inheriting_constructors
    Feature record: CXX_FEATURE:1cxx_inline_namespaces
    Feature record: CXX_FEATURE:1cxx_lambdas
    Feature record: CXX_FEATURE:1cxx_lambda_init_captures
    Feature record: CXX_FEATURE:1cxx_local_type_template_args
    Feature record: CXX_FEATURE:1cxx_long_long_type
    Feature record: CXX_FEATURE:1cxx_noexcept
    Feature record: CXX_FEATURE:1cxx_nonstatic_member_init
    Feature record: CXX_FEATURE:1cxx_nullptr
    Feature record: CXX_FEATURE:1cxx_override
    Feature record: CXX_FEATURE:1cxx_range_for
    Feature record: CXX_FEATURE:1cxx_raw_string_literals
    Feature record: CXX_FEATURE:1cxx_reference_qualified_functions
    Feature record: CXX_FEATURE:1cxx_relaxed_constexpr
    Feature record: CXX_FEATURE:1cxx_return_type_deduction
    Feature record: CXX_FEATURE:1cxx_right_angle_brackets
    Feature record: CXX_FEATURE:1cxx_rvalue_references
    Feature record: CXX_FEATURE:1cxx_sizeof_member
    Feature record: CXX_FEATURE:1cxx_static_assert
    Feature record: CXX_FEATURE:1cxx_strong_enums
    Feature record: CXX_FEATURE:1cxx_template_template_parameters
    Feature record: CXX_FEATURE:1cxx_thread_local
    Feature record: CXX_FEATURE:1cxx_trailing_return_types
    Feature record: CXX_FEATURE:1cxx_unicode_literals
    Feature record: CXX_FEATURE:1cxx_uniform_initialization
    Feature record: CXX_FEATURE:1cxx_unrestricted_unions
    Feature record: CXX_FEATURE:1cxx_user_literals
    Feature record: CXX_FEATURE:1cxx_variable_templates
    Feature record: CXX_FEATURE:1cxx_variadic_macros
    Feature record: CXX_FEATURE:1cxx_variadic_templates


Detecting CXX [-std=c++11] compiler features compiled with the following output:
Change Dir: /home/wallace/Desktop/nano/nanogui-test/CMakeFiles/CMakeTmp

Run Build Command:"/usr/bin/make" "cmTC_2cd4e/fast"
/usr/bin/make -f CMakeFiles/cmTC_2cd4e.dir/build.make CMakeFiles/cmTC_2cd4e.dir/build
make[1]: Entering directory '/home/wallace/Desktop/nano/nanogui-test/CMakeFiles/CMakeTmp'
Building CXX object CMakeFiles/cmTC_2cd4e.dir/feature_tests.cxx.o
/usr/bin/c++     -std=c++11 -o CMakeFiles/cmTC_2cd4e.dir/feature_tests.cxx.o -c /home/wallace/Desktop/nano/nanogui-test/CMakeFiles/feature_tests.cxx
Linking CXX executable cmTC_2cd4e
/usr/bin/cmake -E cmake_link_script CMakeFiles/cmTC_2cd4e.dir/link.txt --verbose=1
/usr/bin/c++        CMakeFiles/cmTC_2cd4e.dir/feature_tests.cxx.o  -o cmTC_2cd4e 
make[1]: Leaving directory '/home/wallace/Desktop/nano/nanogui-test/CMakeFiles/CMakeTmp'


    Feature record: CXX_FEATURE:0cxx_aggregate_default_initializers
    Feature record: CXX_FEATURE:1cxx_alias_templates
    Feature record: CXX_FEATURE:1cxx_alignas
    Feature record: CXX_FEATURE:1cxx_alignof
    Feature record: CXX_FEATURE:1cxx_attributes
    Feature record: CXX_FEATURE:0cxx_attribute_deprecated
    Feature record: CXX_FEATURE:1cxx_auto_type
    Feature record: CXX_FEATURE:0cxx_binary_literals
    Feature record: CXX_FEATURE:1cxx_constexpr
    Feature record: CXX_FEATURE:0cxx_contextual_conversions
    Feature record: CXX_FEATURE:1cxx_decltype
    Feature record: CXX_FEATURE:0cxx_decltype_auto
    Feature record: CXX_FEATURE:1cxx_decltype_incomplete_return_types
    Feature record: CXX_FEATURE:1cxx_default_function_template_args
    Feature record: CXX_FEATURE:1cxx_defaulted_functions
    Feature record: CXX_FEATURE:1cxx_defaulted_move_initializers
    Feature record: CXX_FEATURE:1cxx_delegating_constructors
    Feature record: CXX_FEATURE:1cxx_deleted_functions
    Feature record: CXX_FEATURE:0cxx_digit_separators
    Feature record: CXX_FEATURE:1cxx_enum_forward_declarations
    Feature record: CXX_FEATURE:1cxx_explicit_conversions
    Feature record: CXX_FEATURE:1cxx_extended_friend_declarations
    Feature record: CXX_FEATURE:1cxx_extern_templates
    Feature record: CXX_FEATURE:1cxx_final
    Feature record: CXX_FEATURE:1cxx_func_identifier
    Feature record: CXX_FEATURE:1cxx_generalized_initializers
    Feature record: CXX_FEATURE:0cxx_generic_lambdas
    Feature record: CXX_FEATURE:1cxx_inheriting_constructors
    Feature record: CXX_FEATURE:1cxx_inline_namespaces
    Feature record: CXX_FEATURE:1cxx_lambdas
    Feature record: CXX_FEATURE:0cxx_lambda_init_captures
    Feature record: CXX_FEATURE:1cxx_local_type_template_args
    Feature record: CXX_FEATURE:1cxx_long_long_type
    Feature record: CXX_FEATURE:1cxx_noexcept
    Feature record: CXX_FEATURE:1cxx_nonstatic_member_init
    Feature record: CXX_FEATURE:1cxx_nullptr
    Feature record: CXX_FEATURE:1cxx_override
    Feature record: CXX_FEATURE:1cxx_range_for
    Feature record: CXX_FEATURE:1cxx_raw_string_literals
    Feature record: CXX_FEATURE:1cxx_reference_qualified_functions
    Feature record: CXX_FEATURE:0cxx_relaxed_constexpr
    Feature record: CXX_FEATURE:0cxx_return_type_deduction
    Feature record: CXX_FEATURE:1cxx_right_angle_brackets
    Feature record: CXX_FEATURE:1cxx_rvalue_references
    Feature record: CXX_FEATURE:1cxx_sizeof_member
    Feature record: CXX_FEATURE:1cxx_static_assert
    Feature record: CXX_FEATURE:1cxx_strong_enums
    Feature record: CXX_FEATURE:1cxx_template_template_parameters
    Feature record: CXX_FEATURE:1cxx_thread_local
    Feature record: CXX_FEATURE:1cxx_trailing_return_types
    Feature record: CXX_FEATURE:1cxx_unicode_literals
    Feature record: CXX_FEATURE:1cxx_uniform_initialization
    Feature record: CXX_FEATURE:1cxx_unrestricted_unions
    Feature record: CXX_FEATURE:1cxx_user_literals
    Feature record: CXX_FEATURE:0cxx_variable_templates
    Feature record: CXX_FEATURE:1cxx_variadic_macros
    Feature record: CXX_FEATURE:1cxx_variadic_templates


Detecting CXX [-std=c++98] compiler features compiled with the following output:
Change Dir: /home/wallace/Desktop/nano/nanogui-test/CMakeFiles/CMakeTmp

Run Build Command:"/usr/bin/make" "cmTC_6deb9/fast"
/usr/bin/make -f CMakeFiles/cmTC_6deb9.dir/build.make CMakeFiles/cmTC_6deb9.dir/build
make[1]: Entering directory '/home/wallace/Desktop/nano/nanogui-test/CMakeFiles/CMakeTmp'
Building CXX object CMakeFiles/cmTC_6deb9.dir/feature_tests.cxx.o
/usr/bin/c++     -std=c++98 -o CMakeFiles/cmTC_6deb9.dir/feature_tests.cxx.o -c /home/wallace/Desktop/nano/nanogui-test/CMakeFiles/feature_tests.cxx
Linking CXX executable cmTC_6deb9
/usr/bin/cmake -E cmake_link_script CMakeFiles/cmTC_6deb9.dir/link.txt --verbose=1
/usr/bin/c++        CMakeFiles/cmTC_6deb9.dir/feature_tests.cxx.o  -o cmTC_6deb9 
make[1]: Leaving directory '/home/wallace/Desktop/nano/nanogui-test/CMakeFiles/CMakeTmp'


    Feature record: CXX_FEATURE:0cxx_aggregate_default_initializers
    Feature record: CXX_FEATURE:0cxx_alias_templates
    Feature record: CXX_FEATURE:0cxx_alignas
    Feature record: CXX_FEATURE:0cxx_alignof
    Feature record: CXX_FEATURE:0cxx_attributes
    Feature record: CXX_FEATURE:0cxx_attribute_deprecated
    Feature record: CXX_FEATURE:0cxx_auto_type
    Feature record: CXX_FEATURE:0cxx_binary_literals
    Feature record: CXX_FEATURE:0cxx_constexpr
    Feature record: CXX_FEATURE:0cxx_contextual_conversions
    Feature record: CXX_FEATURE:0cxx_decltype
    Feature record: CXX_FEATURE:0cxx_decltype_auto
    Feature record: CXX_FEATURE:0cxx_decltype_incomplete_return_types
    Feature record: CXX_FEATURE:0cxx_default_function_template_args
    Feature record: CXX_FEATURE:0cxx_defaulted_functions
    Feature record: CXX_FEATURE:0cxx_defaulted_move_initializers
    Feature record: CXX_FEATURE:0cxx_delegating_constructors
    Feature record: CXX_FEATURE:0cxx_deleted_functions
    Feature record: CXX_FEATURE:0cxx_digit_separators
    Feature record: CXX_FEATURE:0cxx_enum_forward_declarations
    Feature record: CXX_FEATURE:0cxx_explicit_conversions
    Feature record: CXX_FEATURE:0cxx_extended_friend_declarations
    Feature record: CXX_FEATURE:0cxx_extern_templates
    Feature record: CXX_FEATURE:0cxx_final
    Feature record: CXX_FEATURE:0cxx_func_identifier
    Feature record: CXX_FEATURE:0cxx_generalized_initializers
    Feature record: CXX_FEATURE:0cxx_generic_lambdas
    Feature record: CXX_FEATURE:0cxx_inheriting_constructors
    Feature record: CXX_FEATURE:0cxx_inline_namespaces
    Feature record: CXX_FEATURE:0cxx_lambdas
    Feature record: CXX_FEATURE:0cxx_lambda_init_captures
    Feature record: CXX_FEATURE:0cxx_local_type_template_args
    Feature record: CXX_FEATURE:0cxx_long_long_type
    Feature record: CXX_FEATURE:0cxx_noexcept
    Feature record: CXX_FEATURE:0cxx_nonstatic_member_init
    Feature record: CXX_FEATURE:0cxx_nullptr
    Feature record: CXX_FEATURE:0cxx_override
    Feature record: CXX_FEATURE:0cxx_range_for
    Feature record: CXX_FEATURE:0cxx_raw_string_literals
    Feature record: CXX_FEATURE:0cxx_reference_qualified_functions
    Feature record: CXX_FEATURE:0cxx_relaxed_constexpr
    Feature record: CXX_FEATURE:0cxx_return_type_deduction
    Feature record: CXX_FEATURE:0cxx_right_angle_brackets
    Feature record: CXX_FEATURE:0cxx_rvalue_references
    Feature record: CXX_FEATURE:0cxx_sizeof_member
    Feature record: CXX_FEATURE:0cxx_static_assert
    Feature record: CXX_FEATURE:0cxx_strong_enums
    Feature record: CXX_FEATURE:1cxx_template_template_parameters
    Feature record: CXX_FEATURE:0cxx_thread_local
    Feature record: CXX_FEATURE:0cxx_trailing_return_types
    Feature record: CXX_FEATURE:0cxx_unicode_literals
    Feature record: CXX_FEATURE:0cxx_uniform_initialization
    Feature record: CXX_FEATURE:0cxx_unrestricted_unions
    Feature record: CXX_FEATURE:0cxx_user_literals
    Feature record: CXX_FEATURE:0cxx_variable_templates
    Feature record: CXX_FEATURE:0cxx_variadic_macros
    Feature record: CXX_FEATURE:0cxx_variadic_templates
Determining if the include file pthread.h exists passed with the following output:
Change Dir: /home/wallace/Desktop/nano/nanogui-test/CMakeFiles/CMakeTmp

Run Build Command:"/usr/bin/make" "cmTC_3b5b3/fast"
/usr/bin/make -f CMakeFiles/cmTC_3b5b3.dir/build.make CMakeFiles/cmTC_3b5b3.dir/build
make[1]: Entering directory '/home/wallace/Desktop/nano/nanogui-test/CMakeFiles/CMakeTmp'
Building C object CMakeFiles/cmTC_3b5b3.dir/CheckIncludeFile.c.o
/usr/bin/cc     -o CMakeFiles/cmTC_3b5b3.dir/CheckIncludeFile.c.o   -c /home/wallace/Desktop/nano/nanogui-test/CMakeFiles/CMakeTmp/CheckIncludeFile.c
Linking C executable cmTC_3b5b3
/usr/bin/cmake -E cmake_link_script CMakeFiles/cmTC_3b5b3.dir/link.txt --verbose=1
/usr/bin/cc       CMakeFiles/cmTC_3b5b3.dir/CheckIncludeFile.c.o  -o cmTC_3b5b3 -rdynamic 
make[1]: Leaving directory '/home/wallace/Desktop/nano/nanogui-test/CMakeFiles/CMakeTmp'


Determining if the function pthread_create exists in the pthread passed with the following output:
Change Dir: /home/wallace/Desktop/nano/nanogui-test/CMakeFiles/CMakeTmp

Run Build Command:"/usr/bin/make" "cmTC_b1f0e/fast"
/usr/bin/make -f CMakeFiles/cmTC_b1f0e.dir/build.make CMakeFiles/cmTC_b1f0e.dir/build
make[1]: Entering directory '/home/wallace/Desktop/nano/nanogui-test/CMakeFiles/CMakeTmp'
Building C object CMakeFiles/cmTC_b1f0e.dir/CheckFunctionExists.c.o
/usr/bin/cc    -DCHECK_FUNCTION_EXISTS=pthread_create   -o CMakeFiles/cmTC_b1f0e.dir/CheckFunctionExists.c.o   -c /usr/share/cmake-3.5/Modules/CheckFunctionExists.c
Linking C executable cmTC_b1f0e
/usr/bin/cmake -E cmake_link_script CMakeFiles/cmTC_b1f0e.dir/link.txt --verbose=1
/usr/bin/cc   -DCHECK_FUNCTION_EXISTS=pthread_create    CMakeFiles/cmTC_b1f0e.dir/CheckFunctionExists.c.o  -o cmTC_b1f0e -rdynamic -lpthread 
make[1]: Leaving directory '/home/wallace/Desktop/nano/nanogui-test/CMakeFiles/CMakeTmp'


Determining if the function XOpenDisplay exists in the /usr/lib/x86_64-linux-gnu/libX11.so;/usr/lib/x86_64-linux-gnu/libXext.so passed with the following output:
Change Dir: /home/wallace/Desktop/nano/nanogui-test/CMakeFiles/CMakeTmp

Run Build Command:"/usr/bin/make" "cmTC_a011f/fast"
/usr/bin/make -f CMakeFiles/cmTC_a011f.dir/build.make CMakeFiles/cmTC_a011f.dir/build
make[1]: Entering directory '/home/wallace/Desktop/nano/nanogui-test/CMakeFiles/CMakeTmp'
Building C object CMakeFiles/cmTC_a011f.dir/CheckFunctionExists.c.o
/usr/bin/cc    -DCHECK_FUNCTION_EXISTS=XOpenDisplay   -o CMakeFiles/cmTC_a011f.dir/CheckFunctionExists.c.o   -c /usr/share/cmake-3.5/Modules/CheckFunctionExists.c
Linking C executable cmTC_a011f
/usr/bin/cmake -E cmake_link_script CMakeFiles/cmTC_a011f.dir/link.txt --verbose=1
/usr/bin/cc   -DCHECK_FUNCTION_EXISTS=XOpenDisplay    CMakeFiles/cmTC_a011f.dir/CheckFunctionExists.c.o  -o cmTC_a011f -rdynamic /usr/lib/x86_64-linux-gnu/libX11.so /usr/lib/x86_64-linux-gnu/libXext.so 
make[1]: Leaving directory '/home/wallace/Desktop/nano/nanogui-test/CMakeFiles/CMakeTmp'


Determining if the function gethostbyname exists passed with the following output:
Change Dir: /home/wallace/Desktop/nano/nanogui-test/CMakeFiles/CMakeTmp

Run Build Command:"/usr/bin/make" "cmTC_40a51/fast"
/usr/bin/make -f CMakeFiles/cmTC_40a51.dir/build.make CMakeFiles/cmTC_40a51.dir/build
make[1]: Entering directory '/home/wallace/Desktop/nano/nanogui-test/CMakeFiles/CMakeTmp'
Building C object CMakeFiles/cmTC_40a51.dir/CheckFunctionExists.c.o
/usr/bin/cc    -DCHECK_FUNCTION_EXISTS=gethostbyname   -o CMakeFiles/cmTC_40a51.dir/CheckFunctionExists.c.o   -c /usr/share/cmake-3.5/Modules/CheckFunctionExists.c
Linking C executable cmTC_40a51
/usr/bin/cmake -E cmake_link_script CMakeFiles/cmTC_40a51.dir/link.txt --verbose=1
/usr/bin/cc   -DCHECK_FUNCTION_EXISTS=gethostbyname    CMakeFiles/cmTC_40a51.dir/CheckFunctionExists.c.o  -o cmTC_40a51 -rdynamic 
make[1]: Leaving directory '/home/wallace/Desktop/nano/nanogui-test/CMakeFiles/CMakeTmp'


Determining if the function connect exists passed with the following output:
Change Dir: /home/wallace/Desktop/nano/nanogui-test/CMakeFiles/CMakeTmp

Run Build Command:"/usr/bin/make" "cmTC_3c1b0/fast"
/usr/bin/make -f CMakeFiles/cmTC_3c1b0.dir/build.make CMakeFiles/cmTC_3c1b0.dir/build
make[1]: Entering directory '/home/wallace/Desktop/nano/nanogui-test/CMakeFiles/CMakeTmp'
Building C object CMakeFiles/cmTC_3c1b0.dir/CheckFunctionExists.c.o
/usr/bin/cc    -DCHECK_FUNCTION_EXISTS=connect   -o CMakeFiles/cmTC_3c1b0.dir/CheckFunctionExists.c.o   -c /usr/share/cmake-3.5/Modules/CheckFunctionExists.c
Linking C executable cmTC_3c1b0
/usr/bin/cmake -E cmake_link_script CMakeFiles/cmTC_3c1b0.dir/link.txt --verbose=1
/usr/bin/cc   -DCHECK_FUNCTION_EXISTS=connect    CMakeFiles/cmTC_3c1b0.dir/CheckFunctionExists.c.o  -o cmTC_3c1b0 -rdynamic 
make[1]: Leaving directory '/home/wallace/Desktop/nano/nanogui-test/CMakeFiles/CMakeTmp'


Determining if the function remove exists passed with the following output:
Change Dir: /home/wallace/Desktop/nano/nanogui-test/CMakeFiles/CMakeTmp

Run Build Command:"/usr/bin/make" "cmTC_2b19c/fast"
/usr/bin/make -f CMakeFiles/cmTC_2b19c.dir/build.make CMakeFiles/cmTC_2b19c.dir/build
make[1]: Entering directory '/home/wallace/Desktop/nano/nanogui-test/CMakeFiles/CMakeTmp'
Building C object CMakeFiles/cmTC_2b19c.dir/CheckFunctionExists.c.o
/usr/bin/cc    -DCHECK_FUNCTION_EXISTS=remove   -o CMakeFiles/cmTC_2b19c.dir/CheckFunctionExists.c.o   -c /usr/share/cmake-3.5/Modules/CheckFunctionExists.c
Linking C executable cmTC_2b19c
/usr/bin/cmake -E cmake_link_script CMakeFiles/cmTC_2b19c.dir/link.txt --verbose=1
/usr/bin/cc   -DCHECK_FUNCTION_EXISTS=remove    CMakeFiles/cmTC_2b19c.dir/CheckFunctionExists.c.o  -o cmTC_2b19c -rdynamic 
make[1]: Leaving directory '/home/wallace/Desktop/nano/nanogui-test/CMakeFiles/CMakeTmp'


Determining if the function shmat exists passed with the following output:
Change Dir: /home/wallace/Desktop/nano/nanogui-test/CMakeFiles/CMakeTmp

Run Build Command:"/usr/bin/make" "cmTC_4b326/fast"
/usr/bin/make -f CMakeFiles/cmTC_4b326.dir/build.make CMakeFiles/cmTC_4b326.dir/build
make[1]: Entering directory '/home/wallace/Desktop/nano/nanogui-test/CMakeFiles/CMakeTmp'
Building C object CMakeFiles/cmTC_4b326.dir/CheckFunctionExists.c.o
/usr/bin/cc    -DCHECK_FUNCTION_EXISTS=shmat   -o CMakeFiles/cmTC_4b326.dir/CheckFunctionExists.c.o   -c /usr/share/cmake-3.5/Modules/CheckFunctionExists.c
Linking C executable cmTC_4b326
/usr/bin/cmake -E cmake_link_script CMakeFiles/cmTC_4b326.dir/link.txt --verbose=1
/usr/bin/cc   -DCHECK_FUNCTION_EXISTS=shmat    CMakeFiles/cmTC_4b326.dir/CheckFunctionExists.c.o  -o cmTC_4b326 -rdynamic 
make[1]: Leaving directory '/home/wallace/Desktop/nano/nanogui-test/CMakeFiles/CMakeTmp'


Determining if the function IceConnectionNumber exists in the ICE passed with the following output:
Change Dir: /home/wallace/Desktop/nano/nanogui-test/CMakeFiles/CMakeTmp

Run Build Command:"/usr/bin/make" "cmTC_722be/fast"
/usr/bin/make -f CMakeFiles/cmTC_722be.dir/build.make CMakeFiles/cmTC_722be.dir/build
make[1]: Entering directory '/home/wallace/Desktop/nano/nanogui-test/CMakeFiles/CMakeTmp'
Building C object CMakeFiles/cmTC_722be.dir/CheckFunctionExists.c.o
/usr/bin/cc    -DCHECK_FUNCTION_EXISTS=IceConnectionNumber   -o CMakeFiles/cmTC_722be.dir/CheckFunctionExists.c.o   -c /usr/share/cmake-3.5/Modules/CheckFunctionExists.c
Linking C executable cmTC_722be
/usr/bin/cmake -E cmake_link_script CMakeFiles/cmTC_722be.dir/link.txt --verbose=1
/usr/bin/cc   -DCHECK_FUNCTION_EXISTS=IceConnectionNumber    CMakeFiles/cmTC_722be.dir/CheckFunctionExists.c.o  -o cmTC_722be -rdynamic -lICE 
make[1]: Leaving directory '/home/wallace/Desktop/nano/nanogui-test/CMakeFiles/CMakeTmp'


Performing C++ SOURCE FILE Test HAS_CPP14_FLAG succeeded with the following output:
Change Dir: /home/wallace/Desktop/nano/nanogui-test/CMakeFiles/CMakeTmp

Run Build Command:"/usr/bin/make" "cmTC_81552/fast"
/usr/bin/make -f CMakeFiles/cmTC_81552.dir/build.make CMakeFiles/cmTC_81552.dir/build
make[1]: Entering directory '/home/wallace/Desktop/nano/nanogui-test/CMakeFiles/CMakeTmp'
Building CXX object CMakeFiles/cmTC_81552.dir/src.cxx.o
/usr/bin/c++     -std=c++14 -Wall -Wextra -DHAS_CPP14_FLAG   -std=c++14 -o CMakeFiles/cmTC_81552.dir/src.cxx.o -c /home/wallace/Desktop/nano/nanogui-test/CMakeFiles/CMakeTmp/src.cxx
Linking CXX executable cmTC_81552
/usr/bin/cmake -E cmake_link_script CMakeFiles/cmTC_81552.dir/link.txt --verbose=1
/usr/bin/c++    -std=c++14 -Wall -Wextra -DHAS_CPP14_FLAG    CMakeFiles/cmTC_81552.dir/src.cxx.o  -o cmTC_81552 -rdynamic 
make[1]: Leaving directory '/home/wallace/Desktop/nano/nanogui-test/CMakeFiles/CMakeTmp'

Source file was:
int main() { return 0; }
Performing C++ SOURCE FILE Test HAS_CPP11_FLAG succeeded with the following output:
Change Dir: /home/wallace/Desktop/nano/nanogui-test/CMakeFiles/CMakeTmp

Run Build Command:"/usr/bin/make" "cmTC_e72bb/fast"
/usr/bin/make -f CMakeFiles/cmTC_e72bb.dir/build.make CMakeFiles/cmTC_e72bb.dir/build
make[1]: Entering directory '/home/wallace/Desktop/nano/nanogui-test/CMakeFiles/CMakeTmp'
Building CXX object CMakeFiles/cmTC_e72bb.dir/src.cxx.o
/usr/bin/c++     -std=c++14 -Wall -Wextra -DHAS_CPP11_FLAG   -std=c++11 -o CMakeFiles/cmTC_e72bb.dir/src.cxx.o -c /home/wallace/Desktop/nano/nanogui-test/CMakeFiles/CMakeTmp/src.cxx
Linking CXX executable cmTC_e72bb
/usr/bin/cmake -E cmake_link_script CMakeFiles/cmTC_e72bb.dir/link.txt --verbose=1
/usr/bin/c++    -std=c++14 -Wall -Wextra -DHAS_CPP11_FLAG    CMakeFiles/cmTC_e72bb.dir/src.cxx.o  -o cmTC_e72bb -rdynamic 
make[1]: Leaving directory '/home/wallace/Desktop/nano/nanogui-test/CMakeFiles/CMakeTmp'

Source file was:
int main() { return 0; }
Performing C++ SOURCE FILE Test HAS_LTO_FLAG succeeded with the following output:
Change Dir: /home/wallace/Desktop/nano/nanogui-test/CMakeFiles/CMakeTmp

Run Build Command:"/usr/bin/make" "cmTC_60f1c/fast"
/usr/bin/make -f CMakeFiles/cmTC_60f1c.dir/build.make CMakeFiles/cmTC_60f1c.dir/build
make[1]: Entering directory '/home/wallace/Desktop/nano/nanogui-test/CMakeFiles/CMakeTmp'
Building CXX object CMakeFiles/cmTC_60f1c.dir/src.cxx.o
/usr/bin/c++     -std=c++14 -Wall -Wextra -std=c++14 -DHAS_LTO_FLAG   -flto -o CMakeFiles/cmTC_60f1c.dir/src.cxx.o -c /home/wallace/Desktop/nano/nanogui-test/CMakeFiles/CMakeTmp/src.cxx
Linking CXX executable cmTC_60f1c
/usr/bin/cmake -E cmake_link_script CMakeFiles/cmTC_60f1c.dir/link.txt --verbose=1
/usr/bin/c++    -std=c++14 -Wall -Wextra -std=c++14 -DHAS_LTO_FLAG    CMakeFiles/cmTC_60f1c.dir/src.cxx.o  -o cmTC_60f1c -rdynamic 
make[1]: Leaving directory '/home/wallace/Desktop/nano/nanogui-test/CMakeFiles/CMakeTmp'

Source file was:
int main() { return 0; }
Performing C++ SOURCE FILE Test HAS_LTO succeeded with the following output:
Change Dir: /home/wallace/Desktop/nano/nanogui-test/CMakeFiles/CMakeTmp

Run Build Command:"/usr/bin/make" "cmTC_48c66/fast"
make[1]: Entering directory '/home/wallace/Desktop/nano/nanogui-test/CMakeFiles/CMakeTmp'
/usr/bin/make -f CMakeFiles/cmTC_48c66.dir/build.make CMakeFiles/cmTC_48c66.dir/build
make[2]: Entering directory '/home/wallace/Desktop/nano/nanogui-test/CMakeFiles/CMakeTmp'
Building CXX object CMakeFiles/cmTC_48c66.dir/src.cxx.o
/usr/bin/c++     -fvisibility=hidden  -std=c++14 -Wall -Wextra -std=c++14 -DHAS_LTO -flto -fno-fat-lto-objects   -o CMakeFiles/cmTC_48c66.dir/src.cxx.o -c /home/wallace/Desktop/nano/nanogui-test/CMakeFiles/CMakeTmp/src.cxx
/home/wallace/Desktop/nano/nanogui-test/CMakeFiles/CMakeTmp/src.cxx:1:14: warning: unused parameter argc [-Wunused-parameter]
 int main(int argc, char **argv) { return 0; }
              ^
/home/wallace/Desktop/nano/nanogui-test/CMakeFiles/CMakeTmp/src.cxx:1:27: warning: unused parameter argv [-Wunused-parameter]
 int main(int argc, char **argv) { return 0; }
                           ^
Linking CXX executable cmTC_48c66
/usr/bin/cmake -E cmake_link_script CMakeFiles/cmTC_48c66.dir/link.txt --verbose=1
/usr/bin/c++   -fvisibility=hidden  -std=c++14 -Wall -Wextra -std=c++14 -DHAS_LTO -flto -fno-fat-lto-objects    CMakeFiles/cmTC_48c66.dir/src.cxx.o  -o cmTC_48c66 -rdynamic -flto 
make[2]: Leaving directory '/home/wallace/Desktop/nano/nanogui-test/CMakeFiles/CMakeTmp'
make[1]: Leaving directory '/home/wallace/Desktop/nano/nanogui-test/CMakeFiles/CMakeTmp'

Return value: 1
Source file was:
int main(int argc, char **argv) { return 0; }
Determining if the include file pthread.h exists passed with the following output:
Change Dir: /home/wallace/Desktop/nano/nanogui-test/CMakeFiles/CMakeTmp

Run Build Command:"/usr/bin/make" "cmTC_6b600/fast"
/usr/bin/make -f CMakeFiles/cmTC_6b600.dir/build.make CMakeFiles/cmTC_6b600.dir/build
make[1]: Entering directory '/home/wallace/Desktop/nano/nanogui-test/CMakeFiles/CMakeTmp'
Building C object CMakeFiles/cmTC_6b600.dir/CheckIncludeFile.c.o
/usr/bin/cc     -o CMakeFiles/cmTC_6b600.dir/CheckIncludeFile.c.o   -c /home/wallace/Desktop/nano/nanogui-test/CMakeFiles/CMakeTmp/CheckIncludeFile.c
Linking C executable cmTC_6b600
/usr/bin/cmake -E cmake_link_script CMakeFiles/cmTC_6b600.dir/link.txt --verbose=1
/usr/bin/cc       CMakeFiles/cmTC_6b600.dir/CheckIncludeFile.c.o  -o cmTC_6b600 -rdynamic 
make[1]: Leaving directory '/home/wallace/Desktop/nano/nanogui-test/CMakeFiles/CMakeTmp'


Determining if the function pthread_create exists in the pthread passed with the following output:
Change Dir: /home/wallace/Desktop/nano/nanogui-test/CMakeFiles/CMakeTmp

Run Build Command:"/usr/bin/make" "cmTC_3df49/fast"
/usr/bin/make -f CMakeFiles/cmTC_3df49.dir/build.make CMakeFiles/cmTC_3df49.dir/build
make[1]: Entering directory '/home/wallace/Desktop/nano/nanogui-test/CMakeFiles/CMakeTmp'
Building C object CMakeFiles/cmTC_3df49.dir/CheckFunctionExists.c.o
/usr/bin/cc    -DCHECK_FUNCTION_EXISTS=pthread_create   -o CMakeFiles/cmTC_3df49.dir/CheckFunctionExists.c.o   -c /usr/share/cmake-3.5/Modules/CheckFunctionExists.c
Linking C executable cmTC_3df49
/usr/bin/cmake -E cmake_link_script CMakeFiles/cmTC_3df49.dir/link.txt --verbose=1
/usr/bin/cc   -DCHECK_FUNCTION_EXISTS=pthread_create    CMakeFiles/cmTC_3df49.dir/CheckFunctionExists.c.o  -o cmTC_3df49 -rdynamic -lpthread 
make[1]: Leaving directory '/home/wallace/Desktop/nano/nanogui-test/CMakeFiles/CMakeTmp'


Determining if the function XOpenDisplay exists in the /usr/lib/x86_64-linux-gnu/libX11.so;/usr/lib/x86_64-linux-gnu/libXext.so passed with the following output:
Change Dir: /home/wallace/Desktop/nano/nanogui-test/CMakeFiles/CMakeTmp

Run Build Command:"/usr/bin/make" "cmTC_457a7/fast"
/usr/bin/make -f CMakeFiles/cmTC_457a7.dir/build.make CMakeFiles/cmTC_457a7.dir/build
make[1]: Entering directory '/home/wallace/Desktop/nano/nanogui-test/CMakeFiles/CMakeTmp'
Building C object CMakeFiles/cmTC_457a7.dir/CheckFunctionExists.c.o
/usr/bin/cc    -DCHECK_FUNCTION_EXISTS=XOpenDisplay   -o CMakeFiles/cmTC_457a7.dir/CheckFunctionExists.c.o   -c /usr/share/cmake-3.5/Modules/CheckFunctionExists.c
Linking C executable cmTC_457a7
/usr/bin/cmake -E cmake_link_script CMakeFiles/cmTC_457a7.dir/link.txt --verbose=1
/usr/bin/cc   -DCHECK_FUNCTION_EXISTS=XOpenDisplay    CMakeFiles/cmTC_457a7.dir/CheckFunctionExists.c.o  -o cmTC_457a7 -rdynamic /usr/lib/x86_64-linux-gnu/libX11.so /usr/lib/x86_64-linux-gnu/libXext.so 
make[1]: Leaving directory '/home/wallace/Desktop/nano/nanogui-test/CMakeFiles/CMakeTmp'


Determining if the function gethostbyname exists passed with the following output:
Change Dir: /home/wallace/Desktop/nano/nanogui-test/CMakeFiles/CMakeTmp

Run Build Command:"/usr/bin/make" "cmTC_772eb/fast"
/usr/bin/make -f CMakeFiles/cmTC_772eb.dir/build.make CMakeFiles/cmTC_772eb.dir/build
make[1]: Entering directory '/home/wallace/Desktop/nano/nanogui-test/CMakeFiles/CMakeTmp'
Building C object CMakeFiles/cmTC_772eb.dir/CheckFunctionExists.c.o
/usr/bin/cc    -DCHECK_FUNCTION_EXISTS=gethostbyname   -o CMakeFiles/cmTC_772eb.dir/CheckFunctionExists.c.o   -c /usr/share/cmake-3.5/Modules/CheckFunctionExists.c
Linking C executable cmTC_772eb
/usr/bin/cmake -E cmake_link_script CMakeFiles/cmTC_772eb.dir/link.txt --verbose=1
/usr/bin/cc   -DCHECK_FUNCTION_EXISTS=gethostbyname    CMakeFiles/cmTC_772eb.dir/CheckFunctionExists.c.o  -o cmTC_772eb -rdynamic 
make[1]: Leaving directory '/home/wallace/Desktop/nano/nanogui-test/CMakeFiles/CMakeTmp'


Determining if the function connect exists passed with the following output:
Change Dir: /home/wallace/Desktop/nano/nanogui-test/CMakeFiles/CMakeTmp

Run Build Command:"/usr/bin/make" "cmTC_9b693/fast"
/usr/bin/make -f CMakeFiles/cmTC_9b693.dir/build.make CMakeFiles/cmTC_9b693.dir/build
make[1]: Entering directory '/home/wallace/Desktop/nano/nanogui-test/CMakeFiles/CMakeTmp'
Building C object CMakeFiles/cmTC_9b693.dir/CheckFunctionExists.c.o
/usr/bin/cc    -DCHECK_FUNCTION_EXISTS=connect   -o CMakeFiles/cmTC_9b693.dir/CheckFunctionExists.c.o   -c /usr/share/cmake-3.5/Modules/CheckFunctionExists.c
Linking C executable cmTC_9b693
/usr/bin/cmake -E cmake_link_script CMakeFiles/cmTC_9b693.dir/link.txt --verbose=1
/usr/bin/cc   -DCHECK_FUNCTION_EXISTS=connect    CMakeFiles/cmTC_9b693.dir/CheckFunctionExists.c.o  -o cmTC_9b693 -rdynamic 
make[1]: Leaving directory '/home/wallace/Desktop/nano/nanogui-test/CMakeFiles/CMakeTmp'


Determining if the function remove exists passed with the following output:
Change Dir: /home/wallace/Desktop/nano/nanogui-test/CMakeFiles/CMakeTmp

Run Build Command:"/usr/bin/make" "cmTC_e3d7b/fast"
/usr/bin/make -f CMakeFiles/cmTC_e3d7b.dir/build.make CMakeFiles/cmTC_e3d7b.dir/build
make[1]: Entering directory '/home/wallace/Desktop/nano/nanogui-test/CMakeFiles/CMakeTmp'
Building C object CMakeFiles/cmTC_e3d7b.dir/CheckFunctionExists.c.o
/usr/bin/cc    -DCHECK_FUNCTION_EXISTS=remove   -o CMakeFiles/cmTC_e3d7b.dir/CheckFunctionExists.c.o   -c /usr/share/cmake-3.5/Modules/CheckFunctionExists.c
Linking C executable cmTC_e3d7b
/usr/bin/cmake -E cmake_link_script CMakeFiles/cmTC_e3d7b.dir/link.txt --verbose=1
/usr/bin/cc   -DCHECK_FUNCTION_EXISTS=remove    CMakeFiles/cmTC_e3d7b.dir/CheckFunctionExists.c.o  -o cmTC_e3d7b -rdynamic 
make[1]: Leaving directory '/home/wallace/Desktop/nano/nanogui-test/CMakeFiles/CMakeTmp'


Determining if the function shmat exists passed with the following output:
Change Dir: /home/wallace/Desktop/nano/nanogui-test/CMakeFiles/CMakeTmp

Run Build Command:"/usr/bin/make" "cmTC_e0281/fast"
/usr/bin/make -f CMakeFiles/cmTC_e0281.dir/build.make CMakeFiles/cmTC_e0281.dir/build
make[1]: Entering directory '/home/wallace/Desktop/nano/nanogui-test/CMakeFiles/CMakeTmp'
Building C object CMakeFiles/cmTC_e0281.dir/CheckFunctionExists.c.o
/usr/bin/cc    -DCHECK_FUNCTION_EXISTS=shmat   -o CMakeFiles/cmTC_e0281.dir/CheckFunctionExists.c.o   -c /usr/share/cmake-3.5/Modules/CheckFunctionExists.c
Linking C executable cmTC_e0281
/usr/bin/cmake -E cmake_link_script CMakeFiles/cmTC_e0281.dir/link.txt --verbose=1
/usr/bin/cc   -DCHECK_FUNCTION_EXISTS=shmat    CMakeFiles/cmTC_e0281.dir/CheckFunctionExists.c.o  -o cmTC_e0281 -rdynamic 
make[1]: Leaving directory '/home/wallace/Desktop/nano/nanogui-test/CMakeFiles/CMakeTmp'


Determining if the function IceConnectionNumber exists in the ICE passed with the following output:
Change Dir: /home/wallace/Desktop/nano/nanogui-test/CMakeFiles/CMakeTmp

Run Build Command:"/usr/bin/make" "cmTC_ac1ab/fast"
/usr/bin/make -f CMakeFiles/cmTC_ac1ab.dir/build.make CMakeFiles/cmTC_ac1ab.dir/build
make[1]: Entering directory '/home/wallace/Desktop/nano/nanogui-test/CMakeFiles/CMakeTmp'
Building C object CMakeFiles/cmTC_ac1ab.dir/CheckFunctionExists.c.o
/usr/bin/cc    -DCHECK_FUNCTION_EXISTS=IceConnectionNumber   -o CMakeFiles/cmTC_ac1ab.dir/CheckFunctionExists.c.o   -c /usr/share/cmake-3.5/Modules/CheckFunctionExists.c
Linking C executable cmTC_ac1ab
/usr/bin/cmake -E cmake_link_script CMakeFiles/cmTC_ac1ab.dir/link.txt --verbose=1
/usr/bin/cc   -DCHECK_FUNCTION_EXISTS=IceConnectionNumber    CMakeFiles/cmTC_ac1ab.dir/CheckFunctionExists.c.o  -o cmTC_ac1ab -rdynamic -lICE 
make[1]: Leaving directory '/home/wallace/Desktop/nano/nanogui-test/CMakeFiles/CMakeTmp'


Performing C++ SOURCE FILE Test HAS_CPP14_FLAG succeeded with the following output:
Change Dir: /home/wallace/Desktop/nano/nanogui-test/CMakeFiles/CMakeTmp

Run Build Command:"/usr/bin/make" "cmTC_b23a5/fast"
/usr/bin/make -f CMakeFiles/cmTC_b23a5.dir/build.make CMakeFiles/cmTC_b23a5.dir/build
make[1]: Entering directory '/home/wallace/Desktop/nano/nanogui-test/CMakeFiles/CMakeTmp'
Building CXX object CMakeFiles/cmTC_b23a5.dir/src.cxx.o
/usr/bin/c++     -std=c++14 -Wall -Wextra -DHAS_CPP14_FLAG   -std=c++14 -o CMakeFiles/cmTC_b23a5.dir/src.cxx.o -c /home/wallace/Desktop/nano/nanogui-test/CMakeFiles/CMakeTmp/src.cxx
Linking CXX executable cmTC_b23a5
/usr/bin/cmake -E cmake_link_script CMakeFiles/cmTC_b23a5.dir/link.txt --verbose=1
/usr/bin/c++    -std=c++14 -Wall -Wextra -DHAS_CPP14_FLAG    CMakeFiles/cmTC_b23a5.dir/src.cxx.o  -o cmTC_b23a5 -rdynamic 
make[1]: Leaving directory '/home/wallace/Desktop/nano/nanogui-test/CMakeFiles/CMakeTmp'

Source file was:
int main() { return 0; }
Performing C++ SOURCE FILE Test HAS_CPP11_FLAG succeeded with the following output:
Change Dir: /home/wallace/Desktop/nano/nanogui-test/CMakeFiles/CMakeTmp

Run Build Command:"/usr/bin/make" "cmTC_6eb75/fast"
/usr/bin/make -f CMakeFiles/cmTC_6eb75.dir/build.make CMakeFiles/cmTC_6eb75.dir/build
make[1]: Entering directory '/home/wallace/Desktop/nano/nanogui-test/CMakeFiles/CMakeTmp'
Building CXX object CMakeFiles/cmTC_6eb75.dir/src.cxx.o
/usr/bin/c++     -std=c++14 -Wall -Wextra -DHAS_CPP11_FLAG   -std=c++11 -o CMakeFiles/cmTC_6eb75.dir/src.cxx.o -c /home/wallace/Desktop/nano/nanogui-test/CMakeFiles/CMakeTmp/src.cxx
Linking CXX executable cmTC_6eb75
/usr/bin/cmake -E cmake_link_script CMakeFiles/cmTC_6eb75.dir/link.txt --verbose=1
/usr/bin/c++    -std=c++14 -Wall -Wextra -DHAS_CPP11_FLAG    CMakeFiles/cmTC_6eb75.dir/src.cxx.o  -o cmTC_6eb75 -rdynamic 
make[1]: Leaving directory '/home/wallace/Desktop/nano/nanogui-test/CMakeFiles/CMakeTmp'

Source file was:
int main() { return 0; }
Performing C++ SOURCE FILE Test HAS_LTO succeeded with the following output:
Change Dir: /home/wallace/Desktop/nano/nanogui-test/CMakeFiles/CMakeTmp

Run Build Command:"/usr/bin/make" "cmTC_b0284/fast"
/usr/bin/make -f CMakeFiles/cmTC_b0284.dir/build.make CMakeFiles/cmTC_b0284.dir/build
make[1]: Entering directory '/home/wallace/Desktop/nano/nanogui-test/CMakeFiles/CMakeTmp'
Building CXX object CMakeFiles/cmTC_b0284.dir/src.cxx.o
/usr/bin/c++     -fvisibility=hidden  -std=c++14 -Wall -Wextra -std=c++14 -DHAS_LTO -flto -fno-fat-lto-objects   -o CMakeFiles/cmTC_b0284.dir/src.cxx.o -c /home/wallace/Desktop/nano/nanogui-test/CMakeFiles/CMakeTmp/src.cxx
/home/wallace/Desktop/nano/nanogui-test/CMakeFiles/CMakeTmp/src.cxx:1:14: warning: unused parameter argc [-Wunused-parameter]
 int main(int argc, char **argv) { return 0; }
              ^
/home/wallace/Desktop/nano/nanogui-test/CMakeFiles/CMakeTmp/src.cxx:1:27: warning: unused parameter argv [-Wunused-parameter]
 int main(int argc, char **argv) { return 0; }
                           ^
Linking CXX executable cmTC_b0284
/usr/bin/cmake -E cmake_link_script CMakeFiles/cmTC_b0284.dir/link.txt --verbose=1
/usr/bin/c++   -fvisibility=hidden  -std=c++14 -Wall -Wextra -std=c++14 -DHAS_LTO -flto -fno-fat-lto-objects    CMakeFiles/cmTC_b0284.dir/src.cxx.o  -o cmTC_b0284 -rdynamic -flto 
make[1]: Leaving directory '/home/wallace/Desktop/nano/nanogui-test/CMakeFiles/CMakeTmp'

Return value: 1
Source file was:
int main(int argc, char **argv) { return 0; }
